<?xml version="1.0" encoding="UTF-8"?>
<!-- Generated by org.testng.reporters.JUnitReportReporter -->
<testsuite hostname="user-PC" failures="0" tests="2" name="selenium.mavenjava.selTest" time="0.003" errors="0" timestamp="2021-06-30T20:40:30 IST" skipped="0">
  <testcase classname="selenium.mavenjava.selTest" name="du" time="0.001"/>
  <system-out/>
  <testcase classname="selenium.mavenjava.selTest" name="adu" time="0.002"/>
  <system-out/>
</testsuite> <!-- selenium.mavenjava.selTest -->
