<?xml version="1.0" encoding="UTF-8"?>
<!-- Generated by org.testng.reporters.JUnitReportReporter -->
<testsuite hostname="user-PC" failures="0" tests="1" name="selenium.mavenjava.sel" time="0.025" errors="0" timestamp="2021-06-28T21:08:59 IST" skipped="0">
  <testcase classname="selenium.mavenjava.sel" name="adu" time="0.025"/>
  <system-out/>
</testsuite> <!-- selenium.mavenjava.sel -->
