<?xml version="1.0" encoding="UTF-8"?>
<!-- Generated by org.testng.reporters.JUnitReportReporter -->
<testsuite hostname="user-PC" failures="0" tests="1" name="Testcase.Loginapp" time="27.811" errors="0" timestamp="2021-07-10T00:17:02 IST" skipped="0">
  <testcase classname="Testcase.Loginapp" name="Login" time="27.811"/>
  <system-out/>
</testsuite> <!-- Testcase.Loginapp -->
