<?xml version="1.0" encoding="UTF-8"?>
<!-- Generated by org.testng.reporters.JUnitReportReporter -->
<testsuite hostname="user-PC" failures="0" tests="1" name="selenium.mavenjava.apiTest" time="0.022" errors="0" timestamp="2021-06-30T20:50:05 IST" skipped="0">
  <testcase classname="selenium.mavenjava.apiTest" name="abd" time="0.022"/>
  <system-out/>
</testsuite> <!-- selenium.mavenjava.apiTest -->
