<?xml version="1.0" encoding="UTF-8"?>
<!-- Generated by org.testng.reporters.JUnitReportReporter -->
<testsuite hostname="user-PC" failures="0" tests="2" name="selenium.mavenjava.selTest" time="0.009" errors="0" timestamp="2021-06-30T20:49:19 IST" skipped="0">
  <testcase classname="selenium.mavenjava.selTest" name="du" time="0.004"/>
  <system-out/>
  <testcase classname="selenium.mavenjava.selTest" name="adu" time="0.005"/>
  <system-out/>
</testsuite> <!-- selenium.mavenjava.selTest -->
