<?xml version="1.0" encoding="UTF-8"?>
<!-- Generated by org.testng.reporters.JUnitReportReporter -->
<testsuite hostname="user-PC" failures="0" tests="1" name="selenium.mavenjava.AppTest" time="0.010" errors="0" timestamp="2021-06-30T20:18:44 IST" skipped="0">
  <testcase classname="selenium.mavenjava.AppTest" name="should" time="0.010"/>
  <system-out/>
</testsuite> <!-- selenium.mavenjava.AppTest -->
